[
    {
        "timestamp": "2023-09-10 18:20:37",
        "recipient": "bobby200543676@gmail.com",
        "status": "success",
        "message": "Email sent successfully to: bobby200543676@gmail.com"
    },
    {
        "timestamp": "2023-09-10 18:20:41",
        "recipient": "jayminsinh.imscit21@gmail.com",
        "status": "success",
        "message": "Email sent successfully to: jayminsinh.imscit21@gmail.com"
    },
    {
        "timestamp": "2023-09-10 18:21:43",
        "recipient": "bobby200543676@gmail.com",
        "status": "success",
        "message": "Email sent successfully to: bobby200543676@gmail.com"
    },
    {
        "timestamp": "2023-09-10 18:21:48",
        "recipient": "jayminsinh.imscit21@gmail.com",
        "status": "success",
        "message": "Email sent successfully to: jayminsinh.imscit21@gmail.com"
    },
    {
        "timestamp": "2023-09-10 18:22:47",
        "recipient": "bobby200543676@gmail.com",
        "status": "success",
        "message": "Email sent successfully to: bobby200543676@gmail.com"
    },
    {
        "timestamp": "2023-09-10 18:22:51",
        "recipient": "jayminsinh.imscit21@gmail.com",
        "status": "success",
        "message": "Email sent successfully to: jayminsinh.imscit21@gmail.com"
    },
    {
        "timestamp": "2023-09-10 18:24:13",
        "recipient": "bobby200543676@gmail.com",
        "status": "success",
        "message": "Email sent successfully to: bobby200543676@gmail.com"
    },
    {
        "timestamp": "2023-09-10 18:24:16",
        "recipient": "jayminsinh.imscit21@gmail.com",
        "status": "success",
        "message": "Email sent successfully to: jayminsinh.imscit21@gmail.com"
    },
    {
        "timestamp": "2023-09-10 18:34:06",
        "recipient": "bobby200543676@gmail.com",
        "status": "success",
        "message": "Email sent successfully to: bobby200543676@gmail.com"
    },
    {
        "timestamp": "2023-09-10 18:34:10",
        "recipient": "jayminsinh.imscit21@gmail.com",
        "status": "success",
        "message": "Email sent successfully to: jayminsinh.imscit21@gmail.com"
    },
    {
        "timestamp": "2024-11-29 18:15:30",
        "recipient": "bobby200543676@gmail.com",
        "status": "success",
        "message": "Email sent successfully"
    },
    {
        "timestamp": "2024-11-29 18:15:34",
        "recipient": "rockgangsteryt@gmail.com",
        "status": "success",
        "message": "Email sent successfully"
    },
    {
        "timestamp": "2024-11-29 18:15:38",
        "recipient": "bobbyok2005@gmail.com",
        "status": "success",
        "message": "Email sent successfully"
    },
    {
        "timestamp": "2024-11-29 18:35:50",
        "recipient": "bobby200543676@gmail.com",
        "status": "success",
        "message": "Email sent successfully"
    },
    {
        "timestamp": "2024-11-29 18:35:55",
        "recipient": "rockgangsteryt@gmail.com",
        "status": "success",
        "message": "Email sent successfully"
    },
    {
        "timestamp": "2024-11-29 18:35:59",
        "recipient": "bobbyok2005@gmail.com",
        "status": "success",
        "message": "Email sent successfully"
    },
    {
        "timestamp": "2024-11-29 18:40:00",
        "recipient": "bobby200543676@gmail.com",
        "status": "success",
        "message": "Email sent successfully"
    },
    {
        "timestamp": "2024-11-29 18:40:04",
        "recipient": "rockgangsteryt@gmail.com",
        "status": "success",
        "message": "Email sent successfully"
    },
    {
        "timestamp": "2024-11-29 18:40:08",
        "recipient": "bobbyok2005@gmail.com",
        "status": "success",
        "message": "Email sent successfully"
    },
    {
        "timestamp": "2024-11-29 18:48:56",
        "recipient": "bobby200543676@gmail.com",
        "status": "success",
        "message": "Email sent successfully"
    },
    {
        "timestamp": "2024-11-29 18:49:00",
        "recipient": "rockgangsteryt@gmail.com",
        "status": "success",
        "message": "Email sent successfully"
    },
    {
        "timestamp": "2024-11-29 18:49:04",
        "recipient": "bobbyok2005@gmail.com",
        "status": "success",
        "message": "Email sent successfully"
    },
    {
        "timestamp": "2024-11-29 18:54:06",
        "recipient": "bobby200543676@gmail.com",
        "status": "success",
        "message": "Email sent successfully"
    },
    {
        "timestamp": "2024-11-29 18:54:10",
        "recipient": "rockgangsteryt@gmail.com",
        "status": "success",
        "message": "Email sent successfully"
    },
    {
        "timestamp": "2024-11-29 18:54:15",
        "recipient": "bobbyok2005@gmail.com",
        "status": "success",
        "message": "Email sent successfully"
    },
    {
        "timestamp": "2024-11-29 18:56:01",
        "recipient": "bobby200543676@gmail.com",
        "status": "success",
        "message": "Email sent successfully"
    },
    {
        "timestamp": "2024-11-29 18:56:05",
        "recipient": "rockgangsteryt@gmail.com",
        "status": "success",
        "message": "Email sent successfully"
    },
    {
        "timestamp": "2024-11-29 18:56:09",
        "recipient": "bobbyok2005@gmail.com",
        "status": "success",
        "message": "Email sent successfully"
    },
    {
        "timestamp": "2024-11-29 18:58:34",
        "recipient": "bobby200543676@gmail.com",
        "status": "success",
        "message": "Email sent successfully"
    },
    {
        "timestamp": "2024-11-29 18:58:38",
        "recipient": "rockgangsteryt@gmail.com",
        "status": "success",
        "message": "Email sent successfully"
    },
    {
        "timestamp": "2024-11-29 18:58:42",
        "recipient": "bobbyok2005@gmail.com",
        "status": "success",
        "message": "Email sent successfully"
    },
    {
        "timestamp": "2024-11-29 19:01:19",
        "recipient": "bobby200543676@gmail.com",
        "status": "success",
        "message": "Email sent successfully"
    },
    {
        "timestamp": "2024-11-29 19:01:23",
        "recipient": "rockgangsteryt@gmail.com",
        "status": "success",
        "message": "Email sent successfully"
    },
    {
        "timestamp": "2024-11-29 19:01:27",
        "recipient": "bobbyok2005@gmail.com",
        "status": "success",
        "message": "Email sent successfully"
    },
    {
        "timestamp": "2024-11-29 19:04:08",
        "recipient": "bobby200543676@gmail.com",
        "status": "success",
        "message": "Email sent successfully"
    },
    {
        "timestamp": "2024-11-29 19:04:12",
        "recipient": "rockgangsteryt@gmail.com",
        "status": "success",
        "message": "Email sent successfully"
    },
    {
        "timestamp": "2024-11-29 19:04:16",
        "recipient": "bobbyok2005@gmail.com",
        "status": "success",
        "message": "Email sent successfully"
    },
    {
        "timestamp": "2024-11-29 19:11:21",
        "recipient": "bobby200543676@gmail.com",
        "status": "success",
        "message": "Email sent successfully"
    },
    {
        "timestamp": "2024-11-29 19:11:25",
        "recipient": "rockgangsteryt@gmail.com",
        "status": "success",
        "message": "Email sent successfully"
    },
    {
        "timestamp": "2024-11-29 19:11:30",
        "recipient": "bobbyok2005@gmail.com",
        "status": "success",
        "message": "Email sent successfully"
    },
    {
        "timestamp": "2024-11-29 19:12:34",
        "recipient": "bobby200543676@gmail.com",
        "status": "success",
        "message": "Email sent successfully"
    },
    {
        "timestamp": "2024-11-29 19:12:38",
        "recipient": "rockgangsteryt@gmail.com",
        "status": "success",
        "message": "Email sent successfully"
    },
    {
        "timestamp": "2024-11-29 19:12:42",
        "recipient": "bobbyok2005@gmail.com",
        "status": "success",
        "message": "Email sent successfully"
    },
    {
        "timestamp": "2024-11-29 19:14:29",
        "recipient": "bobby200543676@gmail.com",
        "status": "success",
        "message": "Email sent successfully"
    },
    {
        "timestamp": "2024-11-29 19:14:33",
        "recipient": "rockgangsteryt@gmail.com",
        "status": "success",
        "message": "Email sent successfully"
    },
    {
        "timestamp": "2024-11-29 19:14:37",
        "recipient": "bobbyok2005@gmail.com",
        "status": "success",
        "message": "Email sent successfully"
    },
    {
        "timestamp": "2024-11-29 19:17:19",
        "recipient": "bobby200543676@gmail.com",
        "status": "success",
        "message": "Email sent successfully"
    },
    {
        "timestamp": "2024-11-29 19:17:24",
        "recipient": "rockgangsteryt@gmail.com",
        "status": "success",
        "message": "Email sent successfully"
    },
    {
        "timestamp": "2024-11-29 19:17:28",
        "recipient": "bobbyok2005@gmail.com",
        "status": "success",
        "message": "Email sent successfully"
    },
    {
        "timestamp": "2024-11-29 19:27:53",
        "recipient": "bobby200543676@gmail.com",
        "status": "success",
        "message": "Email sent successfully"
    },
    {
        "timestamp": "2024-11-29 19:27:57",
        "recipient": "rockgangsteryt@gmail.com",
        "status": "success",
        "message": "Email sent successfully"
    },
    {
        "timestamp": "2024-11-29 19:28:01",
        "recipient": "bobbyok2005@gmail.com",
        "status": "success",
        "message": "Email sent successfully"
    },
    {
        "timestamp": "2024-11-29 19:30:08",
        "recipient": "bobby200543676@gmail.com",
        "status": "success",
        "message": "Email sent successfully"
    },
    {
        "timestamp": "2024-11-29 19:30:12",
        "recipient": "rockgangsteryt@gmail.com",
        "status": "success",
        "message": "Email sent successfully"
    },
    {
        "timestamp": "2024-11-29 19:30:17",
        "recipient": "bobbyok2005@gmail.com",
        "status": "success",
        "message": "Email sent successfully"
    },
    {
        "timestamp": "2024-11-29 19:53:22",
        "recipient": "bobby200543676@gmail.com",
        "status": "success",
        "message": "Email sent successfully"
    },
    {
        "timestamp": "2024-11-29 19:53:27",
        "recipient": "rockgangsteryt@gmail.com",
        "status": "success",
        "message": "Email sent successfully"
    },
    {
        "timestamp": "2024-11-29 19:53:31",
        "recipient": "bobbyok2005@gmail.com",
        "status": "success",
        "message": "Email sent successfully"
    },
    {
        "timestamp": "2024-11-29 19:54:44",
        "recipient": "bobby200543676@gmail.com",
        "status": "success",
        "message": "Email sent successfully"
    },
    {
        "timestamp": "2024-11-29 19:54:48",
        "recipient": "rockgangsteryt@gmail.com",
        "status": "success",
        "message": "Email sent successfully"
    },
    {
        "timestamp": "2024-11-29 19:54:52",
        "recipient": "bobbyok2005@gmail.com",
        "status": "success",
        "message": "Email sent successfully"
    },
    {
        "timestamp": "2024-11-29 20:22:00",
        "recipient": "bobby200543676@gmail.com",
        "status": "success",
        "message": "Email sent successfully"
    },
    {
        "timestamp": "2024-11-29 20:22:04",
        "recipient": "rockgangsteryt@gmail.com",
        "status": "success",
        "message": "Email sent successfully"
    },
    {
        "timestamp": "2024-11-29 20:22:08",
        "recipient": "bobbyok2005@gmail.com",
        "status": "success",
        "message": "Email sent successfully"
    },
    {
        "timestamp": "2024-11-29 20:25:06",
        "recipient": "bobby200543676@gmail.com",
        "status": "success",
        "message": "Email sent successfully"
    },
    {
        "timestamp": "2024-11-29 20:25:11",
        "recipient": "rockgangsteryt@gmail.com",
        "status": "success",
        "message": "Email sent successfully"
    },
    {
        "timestamp": "2024-11-29 20:25:15",
        "recipient": "bobbyok2005@gmail.com",
        "status": "success",
        "message": "Email sent successfully"
    },
    {
        "timestamp": "2024-11-29 20:28:39",
        "recipient": "bobby200543676@gmail.com",
        "status": "success",
        "message": "Email sent successfully"
    },
    {
        "timestamp": "2024-11-29 20:28:43",
        "recipient": "rockgangsteryt@gmail.com",
        "status": "success",
        "message": "Email sent successfully"
    },
    {
        "timestamp": "2024-11-29 20:28:47",
        "recipient": "bobbyok2005@gmail.com",
        "status": "success",
        "message": "Email sent successfully"
    },
    {
        "timestamp": "2024-11-29 20:29:40",
        "recipient": "bobby200543676@gmail.com",
        "status": "success",
        "message": "Email sent successfully"
    },
    {
        "timestamp": "2024-11-29 20:29:44",
        "recipient": "rockgangsteryt@gmail.com",
        "status": "success",
        "message": "Email sent successfully"
    },
    {
        "timestamp": "2024-11-29 20:29:48",
        "recipient": "bobbyok2005@gmail.com",
        "status": "success",
        "message": "Email sent successfully"
    },
    {
        "timestamp": "2024-12-15 13:21:23",
        "recipient": "bobby200543676@gmail.com",
        "status": "error",
        "message": "SMTP Error: Could not authenticate."
    },
    {
        "timestamp": "2024-12-15 13:21:25",
        "recipient": "rockgangsteryt@gmail.com",
        "status": "error",
        "message": "SMTP Error: Could not authenticate."
    },
    {
        "timestamp": "2024-12-15 13:21:27",
        "recipient": "bobbyok2005@gmail.com",
        "status": "error",
        "message": "SMTP Error: Could not authenticate."
    }
]